----------------------------------------------------
-               Supercell program                  -
----------------------------------------------------
-      Authors:	* Kirill Okhotnikov               -
-		(kirill.okhotnikov@gmail.com)     -
-		* Sylvian Cadars                  -
-		(sylvian.cadars@cnrs-orleans.fr)  -
----------------------------------------------------

Manual properties
Label	|fixed	|charge	|popul	|
Pb1	|N/A	|N/A	|4	|
Sn1	|N/A	|N/A	|28	|

Initial system:
  Chemical Formula: Pb2 Sn2 Te4

Supercell system (2x2x2):
  Size a=12.78, b=12.78, c=12.78

Current charge balance option is "try"
Total charge oxydation state (cif):  nan
Total charge used:   0

----------------------------------------------------------------
| Atom Label	| 	charge  	| mult	| occup x mult
| 		| Ox. state	| Used	| (cif)	|		 
----------------------------------------------------------------
|  Pb1		|  nan		|  0	|  4	|  2
|  Sn1		|  nan		|  0	|  4	|  2
|  Te1		|  nan		|  0	|  4	|  4
----------------------------------------------------------------

Chemical formula of the supercell: Pb4 Sn28 Te32
Total charge of supercell: 0

----------------------------------------------------
 Identification of groups of crystallographic sites 
----------------------------------------------------

 Group 1 (32 atomic positions in supercell):
  * Site #1: Pb1 (occ. 0.5) -> distributed over 4 positions out of 32 (actual occ.: 0.125).
  * Site #2: Sn1 (occ. 0.5) -> distributed over 28 positions out of 32 (actual occ.: 0.875).
  Number of combinations for the group is 35960

 Group 2 (32 atomic positions in supercell):
  * Site #1: Te1 (occ. 1) -> FIXED with occupancy 1.000.

Minimal distance between atoms of two distinct groups: 3.195 A.

-------------------------------------------------
The total number of combinations is 35960
-------------------------------------------------
1536 symmetry operation found for supercell.
Symmetries operation assigned to groups.
Finished 5.6%. Stored 68 configurations. Left 120          Finished 11.1%. Stored 71 configurations. Left 0          Finished 16.7%. Stored 71 configurations. Left 0          Finished 22.2%. Stored 71 configurations. Left 0          Finished 27.8%. Stored 71 configurations. Left 0          Finished 33.4%. Stored 71 configurations. Left 0          Finished 38.9%. Stored 71 configurations. Left 0          Finished 44.5%. Stored 71 configurations. Left 0          Finished 50.1%. Stored 71 configurations. Left 0          Finished 55.6%. Stored 71 configurations. Left 0          Finished 61.2%. Stored 71 configurations. Left 0          Finished 66.7%. Stored 71 configurations. Left 0          Finished 72.3%. Stored 71 configurations. Left 0          Finished 77.9%. Stored 71 configurations. Left 0          Finished 83.4%. Stored 71 configurations. Left 0          Finished 89%. Stored 71 configurations. Left 0          Finished 94.5%. Stored 71 configurations. Left 0          
Combinations after merge: 71
